<?xml version="1.0" encoding="UTF-8"?>
<!-- Generated by org.testng.reporters.JUnitReportReporter -->
<testsuite hostname="hfthink-PC" name="com.selenium.test.LoginTest" tests="1" failures="0" timestamp="5 Dec 2017 02:58:44 GMT" time="16.385" errors="0">
  <testcase name="startUp" time="16.385" classname="com.selenium.test.LoginTest"/>
</testsuite> <!-- com.selenium.test.LoginTest -->
