<?xml version="1.0" encoding="UTF-8"?>
<!-- Generated by org.testng.reporters.JUnitReportReporter -->
<testsuite hostname="hfthink-PC" name="my_testng.NewTest" tests="1" failures="0" timestamp="15 Nov 2017 03:23:59 GMT" time="0.024" errors="0">
  <testcase name="f" time="0.024" classname="my_testng.NewTest"/>
</testsuite> <!-- my_testng.NewTest -->
