<?xml version="1.0" encoding="UTF-8"?>
<!-- Generated by org.testng.reporters.JUnitReportReporter -->
<testsuite hostname="hfthink-PC" name="com.selenium.test.LoginTest" tests="1" failures="0" timestamp="15 Nov 2017 08:18:30 GMT" time="25.196" errors="0">
  <testcase name="startUp" time="25.196" classname="com.selenium.test.LoginTest"/>
</testsuite> <!-- com.selenium.test.LoginTest -->
